#
# A fatal error has been detected by the Java Runtime Environment:
#
#  SIGSEGV (0xb) at pc=0x00000001286a1df4, pid=1300, tid=2571
#
# JRE version: Java(TM) SE Runtime Environment (8.0_65-b17) (build 1.8.0_65-b17)
# Java VM: Java HotSpot(TM) 64-Bit Server VM (25.65-b01 mixed mode bsd-amd64 compressed oops)
# Problematic frame:
# C  [libglass.dylib+0x5df4]  -[GlassApplication applicationShouldTerminate:]+0xd4
#
# Failed to write core dump. Core dumps have been disabled. To enable core dumping, try "ulimit -c unlimited" before starting Java again
#
# If you would like to submit a bug report, please visit:
#   http://bugreport.java.com/bugreport/crash.jsp
#

---------------  T H R E A D  ---------------

Current thread is native thread

siginfo: si_signo: 11 (SIGSEGV), si_code: 1 (SEGV_MAPERR), si_addr: 0x0000000000000000

Registers:
RAX=0x00007fb3e8c05f10, RBX=0x0000000000000000, RCX=0x0000000000000008, RDX=0x00007fff75d848c0
RSP=0x00007fff5109b5d0, RBP=0x00007fff5109ba00, RSI=0x00007fff8654aa0a, RDI=0x00007fb3e5003088
R8 =0x0000000000000000, R9 =0x0000000000000091, R10=0x00007fb3e65db670, R11=0x00007fff75d75fc0
R12=0x00007fff972e2d40, R13=0x00000001286e5540, R14=0x00007fb3e3d48a40, R15=0x00007fb3e8c05f10
RIP=0x00000001286a1df4, EFLAGS=0x0000000000010206, ERR=0x0000000000000004
  TRAPNO=0x000000000000000e

Top of Stack: (sp=0x00007fff5109b5d0)
0x00007fff5109b5d0:   00000001286a1d95 00007fff959f63e1
0x00007fff5109b5e0:   00007fff959f6280 00007fff959f5e6f
0x00007fff5109b5f0:   00007fff959f592b 00007fff959f55fe
0x00007fff5109b600:   00007fff95c0aa07 00007fff957e383f
0x00007fff5109b610:   00007fff8ed53a8d 00007fff8ed53907
0x00007fff5109b620:   00007fff852741b5 00007fff85273f3c
0x00007fff5109b630:   00007fff85273e58 00007fff8b77fef5
0x00007fff5109b640:   00007fff957df230 00007fff957de1c5
0x00007fff5109b650:   00007fff957d2d28 000000012b7f714d
0x00007fff5109b660:   000000012c813517 00007fff8ed7541e
0x00007fff5109b670:   00007fff861958b1 00007fff861750ac
0x00007fff5109b680:   00007fff861745cf 00007fff86173fc8
0x00007fff5109b690:   000000010eb66463 000000010eb621ac
0x00007fff5109b6a0:   000000010eb684c0 000000010eb61a04
0x00007fff5109b6b0:   000000010eb7ea00 0000000000000000
0x00007fff5109b6c0:   000000010eb7b000 000000010eb7fe00
0x00007fff5109b6d0:   0000000000000003 0000000000000000
0x00007fff5109b6e0:   00007fff5109b7d0 00007fff9a1a8a4f
0x00007fff5109b6f0:   0000000000000011 0000000000000000
0x00007fff5109b700:   00007fff5109b7f0 00007fff9a1a8a4f
0x00007fff5109b710:   00000000000000bf 00007fff860f2241
0x00007fff5109b720:   00007fff75ffbcf0 00007fff860f54b0
0x00007fff5109b730:   0000000000001400 00007fff858551b3
0x00007fff5109b740:   0000000002f50201 00007fff779a22c0
0x00007fff5109b750:   0000000002f50200 00000000779a22c0
0x00007fff5109b760:   00007fff779a22dc 00007fff779a22e0
0x00007fff5109b770:   00007fff779a22e0 00007fff77a5f190
0x00007fff5109b780:   00007fff779a22dc 00007fff779a22e0
0x00007fff5109b790:   00007fff779a22d8 00007fff779a20f0
0x00007fff5109b7a0:   00007fff8654aa02 00007fff972e7220
0x00007fff5109b7b0:   0000000000000000 0000000000000000
0x00007fff5109b7c0:   00007fff5109b7e0 00007fff972e47f3 

Instructions: (pc=0x00000001286a1df4)
0x00000001286a1dd4:   8b 35 f6 e7 03 00 4c 8b 25 9f 73 03 00 41 ff d4
0x00000001286a1de4:   48 8b 35 95 e7 03 00 48 89 c7 41 ff d4 49 89 c7
0x00000001286a1df4:   48 8b 03 4c 8b a8 e8 01 00 00 48 8b 05 c3 04 04
0x00000001286a1e04:   00 4d 8b 34 06 48 8b 3d e0 f9 03 00 48 8b 35 31 

Register to memory mapping:

RAX=0x00007fb3e8c05f10 is an unknown value
RBX=0x0000000000000000 is an unknown value
RCX=0x0000000000000008 is an unknown value
RDX=0x00007fff75d848c0: _NSAPCache+0x20 in /System/Library/Frameworks/Foundation.framework/Versions/C/Foundation at 0x00007fff8ecfe000
RSP=0x00007fff5109b5d0 is an unknown value
RBP=0x00007fff5109ba00 is an unknown value
RSI=0x00007fff8654aa0a: CreateStringFromFileSystemRepresentationByAddingPercentEscapes.hexchars+0x1445a in /System/Library/Frameworks/CoreFoundation.framework/Versions/A/CoreFoundation at 0x00007fff860eb000
RDI=0x00007fb3e5003088 is an unknown value
R8 =0x0000000000000000 is an unknown value
R9 =0x0000000000000091 is an unknown value
R10=0x00007fb3e65db670 is an unknown value
R11=0x00007fff75d75fc0: OBJC_CLASS_$_NSAutoreleasePool+0 in /System/Library/Frameworks/Foundation.framework/Versions/C/Foundation at 0x00007fff8ecfe000
R12=0x00007fff972e2d40: objc_msgSend+0 in /usr/lib/libobjc.A.dylib at 0x00007fff972dc000
R13=0x00000001286e5540: jEnv+0 in /Library/Java/JavaVirtualMachines/jdk1.8.0_65.jdk/Contents/Home/jre/lib/libglass.dylib at 0x000000012869c000
R14=0x00007fb3e3d48a40 is an unknown value
R15=0x00007fb3e8c05f10 is an unknown value


Stack: [0x00007fff508a0000,0x00007fff510a0000],  sp=0x00007fff5109b5d0,  free space=8173k
Native frames: (J=compiled Java code, j=interpreted, Vv=VM code, C=native code)
C  [libglass.dylib+0x5df4]  -[GlassApplication applicationShouldTerminate:]+0xd4
C  [AppKit+0x2613e1]  -[NSApplication _docController:shouldTerminate:]+0x45
C  [AppKit+0x261280]  __91-[NSDocumentController(NSInternal) _closeAllDocumentsWithDelegate:shouldTerminateSelector:]_block_invoke+0x216
C  [AppKit+0x260e6f]  -[NSDocumentController(NSInternal) _closeAllDocumentsWithDelegate:shouldTerminateSelector:]+0x51d
C  [AppKit+0x26092b]  -[NSDocumentController(NSInternal) __closeAllDocumentsWithDelegate:shouldTerminateSelector:]+0x123
C  [AppKit+0x2605fe]  -[NSApplication _shouldTerminate]+0x2c1
C  [AppKit+0x475a07]  -[NSApplication(NSAppleEventHandling) _handleAEQuit]+0x165
C  [AppKit+0x4e83f]  -[NSApplication(NSAppleEventHandling) _handleCoreEvent:withReplyEvent:]+0xce
C  [Foundation+0x55a8d]  -[NSAppleEventManager dispatchRawAppleEvent:withRawReply:handlerRefCon:]+0x122
C  [Foundation+0x55907]  _NSAppleEventManagerGenericHandler+0x66
C  [AE+0x81b5]  _Z20aeDispatchAppleEventPK6AEDescPS_jPh+0x213
C  [AE+0x7f3c]  _ZL25dispatchEventAndSendReplyPK6AEDescPS_+0x1f
C  [AE+0x7e58]  aeProcessAppleEvent+0x120
C  [HIToolbox+0x40ef5]  AEProcessAppleEvent+0x37
C  [AppKit+0x4a230]  _DPSNextEvent+0x8c5
C  [AppKit+0x491c5]  -[NSApplication _nextEventMatchingEventMask:untilDate:inMode:dequeue:]+0x1c6
C  [AppKit+0x3dd28]  -[NSApplication run]+0x2aa
C  [libosxapp.dylib+0x214d]  +[NSApplicationAWT runAWTLoopWithApp:]+0x9c
C  [libawt_lwawt.dylib+0x44517]  -[AWTStarter starter:]+0x389
C  [Foundation+0x7741e]  __NSThreadPerformPerform+0x117
C  [CoreFoundation+0xaa8b1]  __CFRUNLOOP_IS_CALLING_OUT_TO_A_SOURCE0_PERFORM_FUNCTION__+0x11
C  [CoreFoundation+0x8a0ac]  __CFRunLoopDoSources0+0x22c
C  [CoreFoundation+0x895cf]  __CFRunLoopRun+0x39f
C  [CoreFoundation+0x88fc8]  CFRunLoopRunSpecific+0x128
C  [java+0x6463]  CreateExecutionEnvironment+0x367
C  [java+0x21ac]  JLI_Launch+0x7a0
C  [java+0x84c0]  main+0x65
C  [java+0x1a04]  start+0x34


---------------  P R O C E S S  ---------------

VM state:not at safepoint (normal execution)

VM Mutex/Monitor currently owned by a thread: None

Heap:
 PSYoungGen      total 38400K, used 11686K [0x0000000795580000, 0x0000000798000000, 0x00000007c0000000)
  eden space 33280K, 19% used [0x0000000795580000,0x0000000795bf0e00,0x0000000797600000)
  from space 5120K, 99% used [0x0000000797b00000,0x0000000797ff8ae0,0x0000000798000000)
  to   space 5120K, 0% used [0x0000000797600000,0x0000000797600000,0x0000000797b00000)
 ParOldGen       total 87552K, used 3610K [0x0000000740000000, 0x0000000745580000, 0x0000000795580000)
  object space 87552K, 4% used [0x0000000740000000,0x0000000740386970,0x0000000745580000)
 Metaspace       used 19090K, capacity 20074K, committed 20352K, reserved 1067008K
  class space    used 2676K, capacity 2910K, committed 2944K, reserved 1048576K

Card table byte_map: [0x000000011f9d1000,0x000000011fdd2000] byte_map_base: 0x000000011bfd1000

Marking Bits: (ParMarkBitMap*) 0x000000010f6bae20
 Begin Bits: [0x000000012007d000, 0x000000012207d000)
 End Bits:   [0x000000012207d000, 0x000000012407d000)

Polling page: 0x000000010fda8000

CodeCache: size=245760Kb used=8198Kb max_used=8198Kb free=237561Kb
 bounds [0x0000000110611000, 0x0000000110e21000, 0x000000011f611000]
 total_blobs=3183 nmethods=2537 adapters=566
 compilation: enabled

Compilation events (10 events):
Event: 367.820 Thread 0x00007fb3e4028800 2545       3       java.io.ObjectInputStream$PeekInputStream::read (69 bytes)
Event: 367.821 Thread 0x00007fb3e4028800 nmethod 2545 0x0000000110738090 code [0x0000000110738220, 0x0000000110738658]
Event: 367.822 Thread 0x00007fb3e4028800 2546       3       java.io.ObjectInputStream$BlockDataInputStream::read (138 bytes)
Event: 367.824 Thread 0x00007fb3e4028800 nmethod 2546 0x0000000110e06010 code [0x0000000110e06200, 0x0000000110e06968]
Event: 367.824 Thread 0x00007fb3e4028800 2547       1       java.net.AbstractPlainSocketImpl::getTimeout (5 bytes)
Event: 367.824 Thread 0x00007fb3e4028800 nmethod 2547 0x000000011071f9d0 code [0x000000011071fb20, 0x000000011071fc30]
Event: 367.830 Thread 0x00007fb3e4028800 2548       3       java.util.LinkedHashMap::newNode (23 bytes)
Event: 367.831 Thread 0x00007fb3e4028800 nmethod 2548 0x0000000110e057d0 code [0x0000000110e05960, 0x0000000110e05db0]
Event: 367.831 Thread 0x00007fb3e4028800 2549       3       java.util.LinkedHashMap::linkNodeLast (33 bytes)
Event: 367.831 Thread 0x00007fb3e4028800 nmethod 2549 0x0000000110737c10 code [0x0000000110737d80, 0x0000000110737fb0]

GC Heap History (4 events):
Event: 2.176 GC heap before
{Heap before GC invocations=1 (full 0):
 PSYoungGen      total 38400K, used 33280K [0x0000000795580000, 0x0000000798000000, 0x00000007c0000000)
  eden space 33280K, 100% used [0x0000000795580000,0x0000000797600000,0x0000000797600000)
  from space 5120K, 0% used [0x0000000797b00000,0x0000000797b00000,0x0000000798000000)
  to   space 5120K, 0% used [0x0000000797600000,0x0000000797600000,0x0000000797b00000)
 ParOldGen       total 87552K, used 0K [0x0000000740000000, 0x0000000745580000, 0x0000000795580000)
  object space 87552K, 0% used [0x0000000740000000,0x0000000740000000,0x0000000745580000)
 Metaspace       used 10666K, capacity 11022K, committed 11264K, reserved 1058816K
  class space    used 1382K, capacity 1477K, committed 1536K, reserved 1048576K
Event: 2.183 GC heap after
Heap after GC invocations=1 (full 0):
 PSYoungGen      total 38400K, used 3360K [0x0000000795580000, 0x0000000798000000, 0x00000007c0000000)
  eden space 33280K, 0% used [0x0000000795580000,0x0000000795580000,0x0000000797600000)
  from space 5120K, 65% used [0x0000000797600000,0x0000000797948040,0x0000000797b00000)
  to   space 5120K, 0% used [0x0000000797b00000,0x0000000797b00000,0x0000000798000000)
 ParOldGen       total 87552K, used 72K [0x0000000740000000, 0x0000000745580000, 0x0000000795580000)
  object space 87552K, 0% used [0x0000000740000000,0x0000000740012010,0x0000000745580000)
 Metaspace       used 10666K, capacity 11022K, committed 11264K, reserved 1058816K
  class space    used 1382K, capacity 1477K, committed 1536K, reserved 1048576K
}
Event: 173.650 GC heap before
{Heap before GC invocations=2 (full 0):
 PSYoungGen      total 38400K, used 36640K [0x0000000795580000, 0x0000000798000000, 0x00000007c0000000)
  eden space 33280K, 100% used [0x0000000795580000,0x0000000797600000,0x0000000797600000)
  from space 5120K, 65% used [0x0000000797600000,0x0000000797948040,0x0000000797b00000)
  to   space 5120K, 0% used [0x0000000797b00000,0x0000000797b00000,0x0000000798000000)
 ParOldGen       total 87552K, used 72K [0x0000000740000000, 0x0000000745580000, 0x0000000795580000)
  object space 87552K, 0% used [0x0000000740000000,0x0000000740012010,0x0000000745580000)
 Metaspace       used 18425K, capacity 19400K, committed 19456K, reserved 1067008K
  class space    used 2604K, capacity 2798K, committed 2816K, reserved 1048576K
Event: 173.663 GC heap after
Heap after GC invocations=2 (full 0):
 PSYoungGen      total 38400K, used 5090K [0x0000000795580000, 0x0000000798000000, 0x00000007c0000000)
  eden space 33280K, 0% used [0x0000000795580000,0x0000000795580000,0x0000000797600000)
  from space 5120K, 99% used [0x0000000797b00000,0x0000000797ff8ae0,0x0000000798000000)
  to   space 5120K, 0% used [0x0000000797600000,0x0000000797600000,0x0000000797b00000)
 ParOldGen       total 87552K, used 3610K [0x0000000740000000, 0x0000000745580000, 0x0000000795580000)
  object space 87552K, 4% used [0x0000000740000000,0x0000000740386970,0x0000000745580000)
 Metaspace       used 18425K, capacity 19400K, committed 19456K, reserved 1067008K
  class space    used 2604K, capacity 2798K, committed 2816K, reserved 1048576K
}

Deoptimization events (10 events):
Event: 2.869 Thread 0x00007fb3e410a000 Uncommon trap: reason=array_check action=maybe_recompile pc=0x00000001109e71dc method=com.sun.javafx.css.SimpleSelector.applies(Ljavafx/css/Styleable;[Ljava/util/Set;I)Z @ 37
Event: 2.869 Thread 0x00007fb3e410a000 Uncommon trap: reason=array_check action=maybe_recompile pc=0x00000001109e71dc method=com.sun.javafx.css.SimpleSelector.applies(Ljavafx/css/Styleable;[Ljava/util/Set;I)Z @ 37
Event: 4.441 Thread 0x00007fb3e410a000 Uncommon trap: reason=unstable_if action=reinterpret pc=0x000000011093c27c method=jdk.internal.org.objectweb.asm.Type.getArgumentsAndReturnSizes(Ljava/lang/String;)I @ 47
Event: 19.675 Thread 0x00007fb3e5bfb800 Uncommon trap: reason=unstable_if action=reinterpret pc=0x0000000110bf32ec method=java.lang.ThreadLocal.get()Ljava/lang/Object; @ 11
Event: 19.677 Thread 0x00007fb3e410a000 Uncommon trap: reason=unstable_if action=reinterpret pc=0x0000000110c589cc method=com.sun.javafx.geom.RectBounds.isEmpty()Z @ 21
Event: 19.677 Thread 0x00007fb3e410a000 Uncommon trap: reason=unstable_if action=reinterpret pc=0x0000000110cfe470 method=javafx.scene.CssStyleHelper.lookup(Ljavafx/css/Styleable;Ljavafx/css/CssMetaData;Lcom/sun/javafx/css/StyleMap;Ljava/util/Set;Ljavafx/css/Styleable;Lcom/sun/javafx/css/Calcul
Event: 19.679 Thread 0x00007fb3e410a000 Uncommon trap: reason=unstable_if action=reinterpret pc=0x0000000110b63d34 method=javafx.scene.Node.updateLocalToParentTransform()V @ 4
Event: 241.161 Thread 0x00007fb3e410a000 Uncommon trap: reason=unstable_if action=reinterpret pc=0x0000000110cabf00 method=javafx.scene.Node$MiscProperties.isMouseTransparent()Z @ 4
Event: 282.830 Thread 0x00007fb3e410a000 Uncommon trap: reason=unstable_if action=reinterpret pc=0x0000000110d08870 method=com.sun.javafx.tk.quantum.QuantumToolkit.runWithoutRenderLock(Ljava/util/function/Supplier;)Ljava/lang/Object; @ 8
Event: 366.548 Thread 0x00007fb3e5bfb800 Uncommon trap: reason=unstable_if action=reinterpret pc=0x0000000110dca918 method=java.lang.Long.valueOf(J)Ljava/lang/Long; @ 13

Internal exceptions (10 events):
Event: 1.994 Thread 0x00007fb3e410a000 Exception <a 'java/lang/ArrayIndexOutOfBoundsException'> (0x0000000796bf3680) thrown at [/Users/java_re/workspace/8-2-build-macosx-x86_64/jdk8u65/4987/hotspot/src/share/vm/runtime/sharedRuntime.cpp, line 605]
Event: 1.994 Thread 0x00007fb3e410a000 Exception <a 'java/lang/ArrayIndexOutOfBoundsException'> (0x0000000796bf4a28) thrown at [/Users/java_re/workspace/8-2-build-macosx-x86_64/jdk8u65/4987/hotspot/src/share/vm/runtime/sharedRuntime.cpp, line 605]
Event: 2.003 Thread 0x00007fb3e410a000 Exception <a 'java/lang/ArrayIndexOutOfBoundsException'> (0x0000000796bfdaf0) thrown at [/Users/java_re/workspace/8-2-build-macosx-x86_64/jdk8u65/4987/hotspot/src/share/vm/runtime/sharedRuntime.cpp, line 605]
Event: 2.193 Thread 0x00007fb3e410a000 Exception <a 'java/lang/ArrayIndexOutOfBoundsException'> (0x0000000795669208) thrown at [/Users/java_re/workspace/8-2-build-macosx-x86_64/jdk8u65/4987/hotspot/src/share/vm/runtime/sharedRuntime.cpp, line 605]
Event: 2.257 Thread 0x00007fb3e410a000 Implicit null exception at 0x000000011088baf4 to 0x000000011088bd81
Event: 2.864 Thread 0x00007fb3e410a000 Implicit null exception at 0x00000001109935ac to 0x0000000110993629
Event: 19.675 Thread 0x00007fb3e5bfb800 Implicit null exception at 0x0000000110bf3195 to 0x0000000110bf32d1
Event: 366.554 Thread 0x00007fb3e5bfb800 Exception <a 'java/lang/NoSuchMethodError': <clinit>> (0x0000000795b309f0) thrown at [/Users/java_re/workspace/8-2-build-macosx-x86_64/jdk8u65/4987/hotspot/src/share/vm/prims/jni.cpp, line 1591]
Event: 366.567 Thread 0x00007fb3e5bfb800 Exception <a 'java/io/FileNotFoundException'> (0x0000000795b4fa58) thrown at [/Users/java_re/workspace/8-2-build-macosx-x86_64/jdk8u65/4987/hotspot/src/share/vm/prims/jni.cpp, line 709]
Event: 366.569 Thread 0x00007fb3e4cdf000 Exception <a 'java/io/FileNotFoundException'> (0x0000000795b691a0) thrown at [/Users/java_re/workspace/8-2-build-macosx-x86_64/jdk8u65/4987/hotspot/src/share/vm/prims/jni.cpp, line 709]

Events (10 events):
Event: 367.835 loading class java/lang/ProcessEnvironment$Variable
Event: 367.835 loading class java/lang/ProcessEnvironment$ExternalData
Event: 367.835 loading class java/lang/ProcessEnvironment$ExternalData done
Event: 367.835 loading class java/lang/ProcessEnvironment$Variable done
Event: 367.835 loading class java/lang/ProcessEnvironment$Value
Event: 367.835 loading class java/lang/ProcessEnvironment$Value done
Event: 367.835 loading class java/lang/ProcessEnvironment$StringEnvironment
Event: 367.835 loading class java/lang/ProcessEnvironment$StringEnvironment done
Event: 367.835 loading class java/util/Collections$UnmodifiableMap
Event: 367.835 loading class java/util/Collections$UnmodifiableMap done


Dynamic libraries:
0x0000000003b54000 	/System/Library/Frameworks/Cocoa.framework/Versions/A/Cocoa
0x0000000003b54000 	/System/Library/Frameworks/Security.framework/Versions/A/Security
0x0000000003b54000 	/System/Library/Frameworks/ApplicationServices.framework/Versions/A/ApplicationServices
0x0000000003b54000 	/usr/lib/libz.1.dylib
0x0000000003b54000 	/usr/lib/libSystem.B.dylib
0x0000000003b54000 	/usr/lib/libobjc.A.dylib
0x0000000003b54000 	/System/Library/Frameworks/CoreFoundation.framework/Versions/A/CoreFoundation
0x0000000003b54000 	/System/Library/Frameworks/Foundation.framework/Versions/C/Foundation
0x0000000003b54000 	/System/Library/Frameworks/AppKit.framework/Versions/C/AppKit
0x0000000003b54000 	/System/Library/Frameworks/CoreData.framework/Versions/A/CoreData
0x0000000003b54000 	/System/Library/PrivateFrameworks/RemoteViewServices.framework/Versions/A/RemoteViewServices
0x0000000003b54000 	/System/Library/PrivateFrameworks/UIFoundation.framework/Versions/A/UIFoundation
0x0000000003b54000 	/usr/lib/libScreenReader.dylib
0x0000000003b54000 	/System/Library/Frameworks/Accelerate.framework/Versions/A/Accelerate
0x0000000003b54000 	/System/Library/Frameworks/IOSurface.framework/Versions/A/IOSurface
0x0000000003b54000 	/System/Library/Frameworks/AudioToolbox.framework/Versions/A/AudioToolbox
0x0000000003b54000 	/System/Library/Frameworks/AudioUnit.framework/Versions/A/AudioUnit
0x0000000003b54000 	/System/Library/PrivateFrameworks/DataDetectorsCore.framework/Versions/A/DataDetectorsCore
0x0000000003b54000 	/System/Library/PrivateFrameworks/DesktopServicesPriv.framework/Versions/A/DesktopServicesPriv
0x0000000003b54000 	/System/Library/Frameworks/Carbon.framework/Versions/A/Frameworks/HIToolbox.framework/Versions/A/HIToolbox
0x0000000003b54000 	/System/Library/Frameworks/QuartzCore.framework/Versions/A/QuartzCore
0x0000000003b54000 	/System/Library/Frameworks/Carbon.framework/Versions/A/Frameworks/SpeechRecognition.framework/Versions/A/SpeechRecognition
0x0000000003b54000 	/usr/lib/libauto.dylib
0x0000000003b54000 	/usr/lib/libicucore.A.dylib
0x0000000003b54000 	/usr/lib/libxml2.2.dylib
0x0000000003b54000 	/System/Library/PrivateFrameworks/CoreUI.framework/Versions/A/CoreUI
0x0000000003b54000 	/System/Library/Frameworks/CoreAudio.framework/Versions/A/CoreAudio
0x0000000003b54000 	/System/Library/Frameworks/DiskArbitration.framework/Versions/A/DiskArbitration
0x0000000003b54000 	/usr/lib/liblangid.dylib
0x0000000003b54000 	/System/Library/PrivateFrameworks/MultitouchSupport.framework/Versions/A/MultitouchSupport
0x0000000003b54000 	/System/Library/Frameworks/IOKit.framework/Versions/A/IOKit
0x0000000003b54000 	/usr/lib/libDiagnosticMessagesClient.dylib
0x0000000003b54000 	/System/Library/Frameworks/CoreServices.framework/Versions/A/CoreServices
0x0000000003b54000 	/System/Library/PrivateFrameworks/PerformanceAnalysis.framework/Versions/A/PerformanceAnalysis
0x0000000003b54000 	/System/Library/PrivateFrameworks/GenerationalStorage.framework/Versions/A/GenerationalStorage
0x0000000003b54000 	/System/Library/Frameworks/OpenGL.framework/Versions/A/OpenGL
0x0000000003b54000 	/System/Library/PrivateFrameworks/Sharing.framework/Versions/A/Sharing
0x0000000003b54000 	/System/Library/Frameworks/CoreGraphics.framework/Versions/A/CoreGraphics
0x0000000003b54000 	/System/Library/Frameworks/CoreImage.framework/Versions/A/CoreImage
0x0000000003b54000 	/System/Library/Frameworks/CoreText.framework/Versions/A/CoreText
0x0000000003b54000 	/System/Library/Frameworks/ImageIO.framework/Versions/A/ImageIO
0x0000000003b54000 	/System/Library/PrivateFrameworks/Backup.framework/Versions/A/Backup
0x0000000003b54000 	/usr/lib/libextension.dylib
0x0000000003b54000 	/usr/lib/libarchive.2.dylib
0x0000000003b54000 	/System/Library/Frameworks/CFNetwork.framework/Versions/A/CFNetwork
0x0000000003b54000 	/System/Library/Frameworks/SystemConfiguration.framework/Versions/A/SystemConfiguration
0x0000000003b54000 	/usr/lib/libCRFSuite.dylib
0x0000000003b54000 	/usr/lib/libc++.1.dylib
0x0000000003b54000 	/usr/lib/libc++abi.dylib
0x0000000003b54000 	/usr/lib/system/libcache.dylib
0x0000000003b54000 	/usr/lib/system/libcommonCrypto.dylib
0x0000000003b54000 	/usr/lib/system/libcompiler_rt.dylib
0x0000000003b54000 	/usr/lib/system/libcopyfile.dylib
0x0000000003b54000 	/usr/lib/system/libcorecrypto.dylib
0x0000000003b54000 	/usr/lib/system/libdispatch.dylib
0x0000000003b54000 	/usr/lib/system/libdyld.dylib
0x0000000003b54000 	/usr/lib/system/libkeymgr.dylib
0x0000000003b54000 	/usr/lib/system/liblaunch.dylib
0x0000000003b54000 	/usr/lib/system/libmacho.dylib
0x0000000003b54000 	/usr/lib/system/libquarantine.dylib
0x0000000003b54000 	/usr/lib/system/libremovefile.dylib
0x0000000003b54000 	/usr/lib/system/libsystem_asl.dylib
0x0000000003b54000 	/usr/lib/system/libsystem_blocks.dylib
0x0000000003b54000 	/usr/lib/system/libsystem_c.dylib
0x0000000003b54000 	/usr/lib/system/libsystem_configuration.dylib
0x0000000003b54000 	/usr/lib/system/libsystem_coreservices.dylib
0x0000000003b54000 	/usr/lib/system/libsystem_coretls.dylib
0x0000000003b54000 	/usr/lib/system/libsystem_dnssd.dylib
0x0000000003b54000 	/usr/lib/system/libsystem_info.dylib
0x0000000003b54000 	/usr/lib/system/libsystem_kernel.dylib
0x0000000003b54000 	/usr/lib/system/libsystem_m.dylib
0x0000000003b54000 	/usr/lib/system/libsystem_malloc.dylib
0x0000000003b54000 	/usr/lib/system/libsystem_network.dylib
0x0000000003b54000 	/usr/lib/system/libsystem_networkextension.dylib
0x0000000003b54000 	/usr/lib/system/libsystem_notify.dylib
0x0000000003b54000 	/usr/lib/system/libsystem_platform.dylib
0x0000000003b54000 	/usr/lib/system/libsystem_pthread.dylib
0x0000000003b54000 	/usr/lib/system/libsystem_sandbox.dylib
0x0000000003b54000 	/usr/lib/system/libsystem_secinit.dylib
0x0000000003b54000 	/usr/lib/system/libsystem_trace.dylib
0x0000000003b54000 	/usr/lib/system/libunc.dylib
0x0000000003b54000 	/usr/lib/system/libunwind.dylib
0x0000000003b54000 	/usr/lib/system/libxpc.dylib
0x0000000003b54000 	/usr/lib/libenergytrace.dylib
0x0000000003b54000 	/usr/lib/libbsm.0.dylib
0x0000000003b54000 	/usr/lib/system/libkxld.dylib
0x0000000003b54000 	/usr/lib/libxar.1.dylib
0x0000000003b54000 	/usr/lib/libsqlite3.dylib
0x0000000003b54000 	/usr/lib/libpam.2.dylib
0x0000000003b54000 	/usr/lib/libOpenScriptingUtil.dylib
0x0000000003b54000 	/usr/lib/libbz2.1.0.dylib
0x0000000003b54000 	/usr/lib/liblzma.5.dylib
0x0000000003b54000 	/System/Library/Frameworks/CoreServices.framework/Versions/A/Frameworks/FSEvents.framework/Versions/A/FSEvents
0x0000000003b54000 	/System/Library/Frameworks/CoreServices.framework/Versions/A/Frameworks/CarbonCore.framework/Versions/A/CarbonCore
0x0000000003b54000 	/System/Library/Frameworks/CoreServices.framework/Versions/A/Frameworks/Metadata.framework/Versions/A/Metadata
0x0000000003b54000 	/System/Library/Frameworks/CoreServices.framework/Versions/A/Frameworks/OSServices.framework/Versions/A/OSServices
0x0000000003b54000 	/System/Library/Frameworks/CoreServices.framework/Versions/A/Frameworks/SearchKit.framework/Versions/A/SearchKit
0x0000000003b54000 	/System/Library/Frameworks/CoreServices.framework/Versions/A/Frameworks/AE.framework/Versions/A/AE
0x0000000003b54000 	/System/Library/Frameworks/CoreServices.framework/Versions/A/Frameworks/LaunchServices.framework/Versions/A/LaunchServices
0x0000000003b54000 	/System/Library/Frameworks/CoreServices.framework/Versions/A/Frameworks/DictionaryServices.framework/Versions/A/DictionaryServices
0x0000000003b54000 	/System/Library/Frameworks/CoreServices.framework/Versions/A/Frameworks/SharedFileList.framework/Versions/A/SharedFileList
0x0000000003b54000 	/System/Library/Frameworks/NetFS.framework/Versions/A/NetFS
0x0000000003b54000 	/System/Library/PrivateFrameworks/NetAuth.framework/Versions/A/NetAuth
0x0000000003b54000 	/System/Library/PrivateFrameworks/login.framework/Versions/A/Frameworks/loginsupport.framework/Versions/A/loginsupport
0x0000000003b54000 	/System/Library/PrivateFrameworks/TCC.framework/Versions/A/TCC
0x0000000003b54000 	/usr/lib/libmecabra.dylib
0x0000000003b54000 	/System/Library/Frameworks/ApplicationServices.framework/Versions/A/Frameworks/ATS.framework/Versions/A/ATS
0x0000000003b54000 	/System/Library/Frameworks/ApplicationServices.framework/Versions/A/Frameworks/ColorSync.framework/Versions/A/ColorSync
0x0000000003b54000 	/System/Library/Frameworks/ApplicationServices.framework/Versions/A/Frameworks/HIServices.framework/Versions/A/HIServices
0x0000000003b54000 	/System/Library/Frameworks/ApplicationServices.framework/Versions/A/Frameworks/LangAnalysis.framework/Versions/A/LangAnalysis
0x0000000003b54000 	/System/Library/Frameworks/ApplicationServices.framework/Versions/A/Frameworks/PrintCore.framework/Versions/A/PrintCore
0x0000000003b54000 	/System/Library/Frameworks/ApplicationServices.framework/Versions/A/Frameworks/QD.framework/Versions/A/QD
0x0000000003b54000 	/System/Library/Frameworks/ApplicationServices.framework/Versions/A/Frameworks/SpeechSynthesis.framework/Versions/A/SpeechSynthesis
0x0000000003b54000 	/System/Library/Frameworks/Metal.framework/Versions/A/Metal
0x0000000003b54000 	/System/Library/Frameworks/Accelerate.framework/Versions/A/Frameworks/vImage.framework/Versions/A/vImage
0x0000000003b54000 	/System/Library/Frameworks/Accelerate.framework/Versions/A/Frameworks/vecLib.framework/Versions/A/vecLib
0x0000000003b54000 	/System/Library/Frameworks/Accelerate.framework/Versions/A/Frameworks/vecLib.framework/Versions/A/libvDSP.dylib
0x0000000003b54000 	/System/Library/Frameworks/Accelerate.framework/Versions/A/Frameworks/vecLib.framework/Versions/A/libvMisc.dylib
0x0000000003b54000 	/System/Library/Frameworks/Accelerate.framework/Versions/A/Frameworks/vecLib.framework/Versions/A/libLAPACK.dylib
0x0000000003b54000 	/System/Library/Frameworks/Accelerate.framework/Versions/A/Frameworks/vecLib.framework/Versions/A/libBLAS.dylib
0x0000000003b54000 	/System/Library/Frameworks/Accelerate.framework/Versions/A/Frameworks/vecLib.framework/Versions/A/libLinearAlgebra.dylib
0x0000000003b54000 	/System/Library/Frameworks/Accelerate.framework/Versions/A/Frameworks/vecLib.framework/Versions/A/libSparseBLAS.dylib
0x0000000003b54000 	/System/Library/PrivateFrameworks/GPUCompiler.framework/libmetal_timestamp.dylib
0x0000000003b54000 	/System/Library/Frameworks/OpenGL.framework/Versions/A/Libraries/libCoreFSCache.dylib
0x0000000003b54000 	/System/Library/PrivateFrameworks/IOAccelerator.framework/Versions/A/IOAccelerator
0x0000000003b54000 	/System/Library/Frameworks/ApplicationServices.framework/Versions/A/Frameworks/ATS.framework/Versions/A/Resources/libFontParser.dylib
0x0000000003b54000 	/System/Library/Frameworks/ApplicationServices.framework/Versions/A/Frameworks/ATS.framework/Versions/A/Resources/libFontRegistry.dylib
0x0000000003b54000 	/System/Library/PrivateFrameworks/AppleVPA.framework/Versions/A/AppleVPA
0x0000000003b54000 	/System/Library/PrivateFrameworks/AppleJPEG.framework/Versions/A/AppleJPEG
0x0000000003b54000 	/System/Library/Frameworks/ImageIO.framework/Versions/A/Resources/libJPEG.dylib
0x0000000003b54000 	/System/Library/Frameworks/ImageIO.framework/Versions/A/Resources/libTIFF.dylib
0x0000000003b54000 	/System/Library/Frameworks/ImageIO.framework/Versions/A/Resources/libPng.dylib
0x0000000003b54000 	/System/Library/Frameworks/ImageIO.framework/Versions/A/Resources/libGIF.dylib
0x0000000003b54000 	/System/Library/Frameworks/ImageIO.framework/Versions/A/Resources/libJP2.dylib
0x0000000003b54000 	/System/Library/Frameworks/ImageIO.framework/Versions/A/Resources/libRadiance.dylib
0x0000000003b54000 	/System/Library/Frameworks/CoreVideo.framework/Versions/A/CoreVideo
0x0000000003b54000 	/System/Library/Frameworks/OpenGL.framework/Versions/A/Libraries/libGLU.dylib
0x0000000003b54000 	/System/Library/Frameworks/OpenGL.framework/Versions/A/Libraries/libGFXShared.dylib
0x0000000003b54000 	/System/Library/Frameworks/OpenGL.framework/Versions/A/Libraries/libGL.dylib
0x0000000003b54000 	/System/Library/Frameworks/OpenGL.framework/Versions/A/Libraries/libGLImage.dylib
0x0000000003b54000 	/System/Library/Frameworks/OpenGL.framework/Versions/A/Libraries/libCVMSPluginSupport.dylib
0x0000000003b54000 	/System/Library/Frameworks/OpenGL.framework/Versions/A/Libraries/libCoreVMClient.dylib
0x0000000003b54000 	/usr/lib/libcups.2.dylib
0x0000000003b54000 	/System/Library/Frameworks/Kerberos.framework/Versions/A/Kerberos
0x0000000003b54000 	/System/Library/Frameworks/GSS.framework/Versions/A/GSS
0x0000000003b54000 	/usr/lib/libresolv.9.dylib
0x0000000003b54000 	/usr/lib/libiconv.2.dylib
0x0000000003b54000 	/System/Library/PrivateFrameworks/Heimdal.framework/Versions/A/Heimdal
0x0000000003b54000 	/usr/lib/libheimdal-asn1.dylib
0x0000000003b54000 	/System/Library/Frameworks/OpenDirectory.framework/Versions/A/OpenDirectory
0x0000000003b54000 	/System/Library/PrivateFrameworks/CommonAuth.framework/Versions/A/CommonAuth
0x0000000003b54000 	/System/Library/Frameworks/OpenDirectory.framework/Versions/A/Frameworks/CFOpenDirectory.framework/Versions/A/CFOpenDirectory
0x0000000003b54000 	/System/Library/Frameworks/SecurityFoundation.framework/Versions/A/SecurityFoundation
0x0000000003b54000 	/System/Library/PrivateFrameworks/LanguageModeling.framework/Versions/A/LanguageModeling
0x0000000003b54000 	/usr/lib/libmarisa.dylib
0x0000000003b54000 	/usr/lib/libChineseTokenizer.dylib
0x0000000003b54000 	/usr/lib/libcmph.dylib
0x0000000003b54000 	/usr/lib/libcompression.dylib
0x0000000003b54000 	/System/Library/Frameworks/ServiceManagement.framework/Versions/A/ServiceManagement
0x0000000003b54000 	/usr/lib/libxslt.1.dylib
0x0000000003b54000 	/System/Library/Frameworks/Carbon.framework/Versions/A/Frameworks/Ink.framework/Versions/A/Ink
0x0000000003b54000 	/usr/lib/libFosl_dynamic.dylib
0x0000000003b54000 	/System/Library/PrivateFrameworks/FaceCore.framework/Versions/A/FaceCore
0x0000000003b54000 	/System/Library/Frameworks/OpenCL.framework/Versions/A/OpenCL
0x0000000003b54000 	/System/Library/PrivateFrameworks/CrashReporterSupport.framework/Versions/A/CrashReporterSupport
0x0000000003b54000 	/System/Library/PrivateFrameworks/IconServices.framework/Versions/A/IconServices
0x0000000003b54000 	/System/Library/PrivateFrameworks/Apple80211.framework/Versions/A/Apple80211
0x0000000003b54000 	/System/Library/Frameworks/CoreWLAN.framework/Versions/A/CoreWLAN
0x0000000003b54000 	/System/Library/Frameworks/IOBluetooth.framework/Versions/A/IOBluetooth
0x0000000003b54000 	/System/Library/PrivateFrameworks/CoreWiFi.framework/Versions/A/CoreWiFi
0x0000000003b54000 	/System/Library/Frameworks/CoreBluetooth.framework/Versions/A/CoreBluetooth
0x0000000003b54000 	/System/Library/PrivateFrameworks/ChunkingLibrary.framework/Versions/A/ChunkingLibrary
0x0000000003b54000 	/System/Library/PrivateFrameworks/DebugSymbols.framework/Versions/A/DebugSymbols
0x0000000003b54000 	/System/Library/PrivateFrameworks/CoreSymbolication.framework/Versions/A/CoreSymbolication
0x0000000003b54000 	/System/Library/PrivateFrameworks/Symbolication.framework/Versions/A/Symbolication
0x0000000003b54000 	/System/Library/PrivateFrameworks/SpeechRecognitionCore.framework/Versions/A/SpeechRecognitionCore
0x000000010eddc000 	/Library/Java/JavaVirtualMachines/jdk1.8.0_65.jdk/Contents/Home/jre/lib/server/libjvm.dylib
0x0000000003b54000 	/usr/lib/libstdc++.6.dylib
0x000000010fd65000 	/Library/Java/JavaVirtualMachines/jdk1.8.0_65.jdk/Contents/Home/jre/lib/libverify.dylib
0x000000010fd73000 	/Library/Java/JavaVirtualMachines/jdk1.8.0_65.jdk/Contents/Home/jre/lib/libjava.dylib
0x000000010fda9000 	/Library/Java/JavaVirtualMachines/jdk1.8.0_65.jdk/Contents/Home/jre/lib/libjdwp.dylib
0x000000010fdf8000 	/Library/Java/JavaVirtualMachines/jdk1.8.0_65.jdk/Contents/Home/jre/lib/libnpt.dylib
0x0000000110608000 	/Library/Java/JavaVirtualMachines/jdk1.8.0_65.jdk/Contents/Home/jre/lib/libzip.dylib
0x0000000125f73000 	/System/Library/Frameworks/JavaVM.framework/Frameworks/JavaRuntimeSupport.framework/JavaRuntimeSupport
0x0000000125f8e000 	/System/Library/Frameworks/JavaVM.framework/Versions/A/Frameworks/JavaNativeFoundation.framework/Versions/A/JavaNativeFoundation
0x0000000125fa3000 	/System/Library/Frameworks/JavaVM.framework/Versions/A/JavaVM
0x0000000003b54000 	/System/Library/Frameworks/Carbon.framework/Versions/A/Carbon
0x0000000125fb0000 	/System/Library/PrivateFrameworks/JavaLaunching.framework/Versions/A/JavaLaunching
0x0000000003b54000 	/System/Library/Frameworks/Carbon.framework/Versions/A/Frameworks/CommonPanels.framework/Versions/A/CommonPanels
0x0000000003b54000 	/System/Library/Frameworks/Carbon.framework/Versions/A/Frameworks/Help.framework/Versions/A/Help
0x0000000003b54000 	/System/Library/Frameworks/Carbon.framework/Versions/A/Frameworks/ImageCapture.framework/Versions/A/ImageCapture
0x0000000003b54000 	/System/Library/Frameworks/Carbon.framework/Versions/A/Frameworks/OpenScripting.framework/Versions/A/OpenScripting
0x0000000003b54000 	/System/Library/Frameworks/Carbon.framework/Versions/A/Frameworks/Print.framework/Versions/A/Print
0x0000000003b54000 	/System/Library/Frameworks/Carbon.framework/Versions/A/Frameworks/SecurityHI.framework/Versions/A/SecurityHI
0x00000001278cf000 	/Library/Java/JavaVirtualMachines/jdk1.8.0_65.jdk/Contents/Home/jre/lib/libdt_socket.dylib
0x0000000127a8b000 	/Library/Java/JavaVirtualMachines/jdk1.8.0_65.jdk/Contents/Home/jre/lib/libprism_es2.dylib
0x0000000003b54000 	/System/Library/Frameworks/OpenGL.framework/Versions/A/Resources/GLEngine.bundle/GLEngine
0x0000000003b54000 	/System/Library/Frameworks/OpenGL.framework/Versions/A/Libraries/libGLProgrammability.dylib
0x0000000127b0d000 	/System/Library/Extensions/AppleIntelHD5000GraphicsGLDriver.bundle/Contents/MacOS/AppleIntelHD5000GraphicsGLDriver
0x0000000003b54000 	/System/Library/PrivateFrameworks/GPUSupport.framework/Versions/A/Libraries/libGPUSupportMercury.dylib
0x0000000003b54000 	/System/Library/Frameworks/OpenGL.framework/Versions/A/Resources/GLRendererFloat.bundle/GLRendererFloat
0x0000000003b54000 	/System/Library/Frameworks/OpenCL.framework/Versions/A/Libraries/libcldcpuengine.dylib
0x0000000003b54000 	/System/Library/PrivateFrameworks/DiskImages.framework/Versions/A/DiskImages
0x0000000003b54000 	/System/Library/Frameworks/DiscRecording.framework/Versions/A/DiscRecording
0x0000000003b54000 	/usr/lib/libcsfde.dylib
0x0000000003b54000 	/usr/lib/libcurl.4.dylib
0x0000000003b54000 	/System/Library/PrivateFrameworks/MediaKit.framework/Versions/A/MediaKit
0x0000000003b54000 	/System/Library/PrivateFrameworks/ProtectedCloudStorage.framework/Versions/A/ProtectedCloudStorage
0x0000000003b54000 	/usr/lib/libCoreStorage.dylib
0x0000000003b54000 	/System/Library/PrivateFrameworks/EFILogin.framework/Versions/A/EFILogin
0x0000000003b54000 	/usr/lib/libutil.dylib
0x0000000003b54000 	/System/Library/PrivateFrameworks/FindMyDevice.framework/Versions/A/FindMyDevice
0x0000000003b54000 	/System/Library/Frameworks/LDAP.framework/Versions/A/LDAP
0x0000000003b54000 	/usr/lib/libsasl2.2.dylib
0x0000000003b54000 	/System/Library/PrivateFrameworks/CoreDaemon.framework/Versions/B/CoreDaemon
0x0000000003b54000 	/usr/lib/libcrypto.0.9.8.dylib
0x0000000003b54000 	/System/Library/PrivateFrameworks/AppleSRP.framework/Versions/A/AppleSRP
0x0000000003b54000 	/System/Library/PrivateFrameworks/TrustEvaluationAgent.framework/Versions/A/TrustEvaluationAgent
0x000000012869c000 	/Library/Java/JavaVirtualMachines/jdk1.8.0_65.jdk/Contents/Home/jre/lib/libglass.dylib
0x0000000003b54000 	/System/Library/PrivateFrameworks/CoreServicesInternal.framework/Versions/A/CoreServicesInternal
0x0000000003b54000 	/System/Library/CoreServices/RawCamera.bundle/Contents/MacOS/RawCamera
0x0000000003b54000 	/System/Library/Frameworks/CoreGraphics.framework/Versions/A/Resources/libRIP.A.dylib
0x0000000003b54000 	/System/Library/Frameworks/Accelerate.framework/Versions/A/Frameworks/vImage.framework/Versions/A/Libraries/libCGInterfaces.dylib
0x0000000003b54000 	/System/Library/PrivateFrameworks/FamilyControls.framework/Versions/A/FamilyControls
0x0000000003b54000 	/System/Library/PrivateFrameworks/CommerceKit.framework/Versions/A/Frameworks/CommerceCore.framework/Versions/A/CommerceCore
0x0000000003b54000 	/System/Library/PrivateFrameworks/SystemAdministration.framework/Versions/A/SystemAdministration
0x0000000003b54000 	/System/Library/PrivateFrameworks/AppContainer.framework/Versions/A/AppContainer
0x0000000003b54000 	/System/Library/PrivateFrameworks/SecCodeWrapper.framework/Versions/A/SecCodeWrapper
0x0000000003b54000 	/System/Library/Frameworks/DirectoryService.framework/Versions/A/DirectoryService
0x0000000003b54000 	/System/Library/PrivateFrameworks/LoginUIKit.framework/Versions/A/Frameworks/LoginUICore.framework/Versions/A/LoginUICore
0x0000000003b54000 	/usr/lib/libodfde.dylib
0x000000012b875000 	/Library/Java/JavaVirtualMachines/jdk1.8.0_65.jdk/Contents/Home/jre/lib/libjavafx_font.dylib
0x0000000003b54000 	/System/Library/Frameworks/CoreGraphics.framework/Versions/A/Resources/libCGXType.A.dylib
0x000000012b872000 	cl_kernels
0x0000000003b54000 	/System/Library/Frameworks/OpenCL.framework/Versions/A/Libraries/ImageFormats/unorm8_bgra.dylib
0x0000000003b54000 	/System/Library/Frameworks/OpenCL.framework/Versions/A/Libraries/ImageFormats/unorm8_rgba.dylib
0x000000012c523000 	/Library/Java/JavaVirtualMachines/jdk1.8.0_65.jdk/Contents/Home/jre/lib/libprism_common.dylib
0x000000012ff75000 	/System/Library/Extensions/AppleIntelHD5000GraphicsMTLDriver.bundle/Contents/MacOS/AppleIntelHD5000GraphicsMTLDriver
0x000000012b779000 	/System/Library/Frameworks/Security.framework/PlugIns/csparser.bundle/Contents/MacOS/csparser
0x0000000003b54000 	/System/Library/PrivateFrameworks/FinderKit.framework/Versions/A/FinderKit
0x0000000003b54000 	/System/Library/Frameworks/Quartz.framework/Versions/A/Frameworks/QuickLookUI.framework/Versions/A/QuickLookUI
0x0000000003b54000 	/System/Library/Frameworks/Quartz.framework/Versions/A/Frameworks/ImageKit.framework/Versions/A/ImageKit
0x0000000003b54000 	/System/Library/PrivateFrameworks/Bom.framework/Versions/A/Bom
0x0000000003b54000 	/System/Library/Frameworks/QuickLook.framework/Versions/A/QuickLook
0x0000000003b54000 	/System/Library/PrivateFrameworks/Suggestions.framework/Versions/A/Suggestions
0x0000000003b54000 	/System/Library/PrivateFrameworks/AppleSystemInfo.framework/Versions/A/AppleSystemInfo
0x0000000003b54000 	/System/Library/Frameworks/ImageCaptureCore.framework/Versions/A/ImageCaptureCore
0x0000000003b54000 	/System/Library/PrivateFrameworks/SafariServices.framework/Versions/A/SafariServices
0x0000000003b54000 	/usr/lib/libspindump.dylib
0x0000000003b54000 	/System/Library/Frameworks/QTKit.framework/Versions/A/QTKit
0x0000000003b54000 	/System/Library/Frameworks/AVFoundation.framework/Versions/A/AVFoundation
0x0000000003b54000 	/System/Library/Frameworks/CoreMedia.framework/Versions/A/CoreMedia
0x0000000003b54000 	/System/Library/Frameworks/MediaToolbox.framework/Versions/A/MediaToolbox
0x0000000003b54000 	/System/Library/Frameworks/VideoToolbox.framework/Versions/A/VideoToolbox
0x0000000003b54000 	/System/Library/PrivateFrameworks/CoreMediaAuthoring.framework/Versions/A/CoreMediaAuthoring
0x0000000003b54000 	/System/Library/Frameworks/CoreMediaIO.framework/Versions/A/CoreMediaIO
0x0000000003b54000 	/System/Library/Frameworks/AVFoundation.framework/Versions/A/Resources/libAVFAudio.dylib
0x0000000003b54000 	/System/Library/PrivateFrameworks/CoreAVCHD.framework/Versions/A/CoreAVCHD
0x0000000003b54000 	/System/Library/Frameworks/MediaAccessibility.framework/Versions/A/MediaAccessibility
0x0000000003b54000 	/System/Library/PrivateFrameworks/Mangrove.framework/Versions/A/Mangrove
0x0000000003b54000 	/System/Library/PrivateFrameworks/CoreAUC.framework/Versions/A/CoreAUC
0x0000000003b54000 	/System/Library/PrivateFrameworks/AppleVA.framework/Versions/A/AppleVA
0x0000000003b54000 	/System/Library/PrivateFrameworks/XPCService.framework/Versions/A/XPCService
0x0000000003b54000 	/System/Library/PrivateFrameworks/AppSandbox.framework/Versions/A/AppSandbox
0x0000000003b54000 	/usr/lib/libsandbox.1.dylib
0x0000000003b54000 	/usr/lib/libMatch.1.dylib
0x0000000003b54000 	/System/Library/PrivateFrameworks/DisplayServices.framework/Versions/A/DisplayServices
0x0000000003b54000 	/System/Library/Frameworks/Quartz.framework/Versions/A/Frameworks/PDFKit.framework/Versions/A/PDFKit
0x0000000003b54000 	/System/Library/Frameworks/Quartz.framework/Versions/A/Frameworks/QuartzComposer.framework/Versions/A/QuartzComposer
0x0000000003b54000 	/System/Library/Frameworks/Quartz.framework/Versions/A/Frameworks/QuartzFilters.framework/Versions/A/QuartzFilters
0x0000000003b54000 	/System/Library/PrivateFrameworks/CorePDF.framework/Versions/A/CorePDF
0x0000000003b54000 	/System/Library/Frameworks/JavaScriptCore.framework/Versions/A/JavaScriptCore
0x0000000003b54000 	/System/Library/PrivateFrameworks/AppleFSCompression.framework/Versions/A/AppleFSCompression
0x0000000003b54000 	/System/Library/Frameworks/AddressBook.framework/Versions/A/AddressBook
0x0000000003b54000 	/System/Library/PrivateFrameworks/ContactsPersistence.framework/Versions/A/ContactsPersistence
0x0000000003b54000 	/System/Library/PrivateFrameworks/ContactsFoundation.framework/Versions/A/ContactsFoundation
0x0000000003b54000 	/System/Library/PrivateFrameworks/vCard.framework/Versions/A/vCard
0x0000000003b54000 	/System/Library/PrivateFrameworks/IntlPreferences.framework/Versions/A/IntlPreferences
0x0000000003b54000 	/System/Library/PrivateFrameworks/ToneLibrary.framework/Versions/A/ToneLibrary
0x0000000003b54000 	/System/Library/PrivateFrameworks/ToneKit.framework/Versions/A/ToneKit
0x0000000003b54000 	/System/Library/PrivateFrameworks/ApplePushService.framework/Versions/A/ApplePushService
0x0000000003b54000 	/System/Library/Frameworks/SecurityInterface.framework/Versions/A/SecurityInterface
0x0000000003b54000 	/System/Library/PrivateFrameworks/PhoneNumbers.framework/Versions/A/PhoneNumbers
0x0000000003b54000 	/System/Library/PrivateFrameworks/ViewBridge.framework/Versions/A/ViewBridge
0x0000000003b54000 	/System/Library/Frameworks/Quartz.framework/Versions/A/Quartz
0x0000000003b54000 	/System/Library/PrivateFrameworks/CloudDocs.framework/Versions/A/CloudDocs
0x0000000003b54000 	/System/Library/PrivateFrameworks/CoreDuet.framework/Versions/A/CoreDuet
0x0000000003b54000 	/System/Library/Frameworks/CloudKit.framework/Versions/A/CloudKit
0x0000000003b54000 	/System/Library/PrivateFrameworks/ProtocolBuffer.framework/Versions/A/ProtocolBuffer
0x0000000003b54000 	/System/Library/PrivateFrameworks/CoreDuetDaemonProtocol.framework/Versions/A/CoreDuetDaemonProtocol
0x0000000003b54000 	/System/Library/PrivateFrameworks/CoreDuetDebugLogging.framework/Versions/A/CoreDuetDebugLogging
0x0000000003b54000 	/System/Library/Frameworks/Contacts.framework/Versions/A/Contacts
0x0000000003b54000 	/System/Library/PrivateFrameworks/MMCS.framework/Versions/A/MMCS
0x0000000003b54000 	/System/Library/Frameworks/CoreLocation.framework/Versions/A/CoreLocation
0x0000000003b54000 	/System/Library/Frameworks/Accounts.framework/Versions/A/Accounts
0x0000000003b54000 	/System/Library/PrivateFrameworks/OAuth.framework/Versions/A/OAuth
0x0000000003b54000 	/System/Library/PrivateFrameworks/AssetCacheServices.framework/Versions/A/AssetCacheServices
0x0000000003b54000 	/System/Library/PrivateFrameworks/GeoServices.framework/Versions/A/GeoServices
0x0000000003b54000 	/System/Library/PrivateFrameworks/PlugInKit.framework/Versions/A/PlugInKit
0x0000000003b54000 	/System/Library/PrivateFrameworks/iLifeMediaBrowser.framework/Versions/A/iLifeMediaBrowser
0x0000000003b54000 	/System/Library/Frameworks/AVKit.framework/Versions/A/AVKit
0x0000000003b54000 	/System/Library/PrivateFrameworks/CacheDelete.framework/Versions/A/CacheDelete
0x000000012ba29000 	/Library/Java/JavaVirtualMachines/jdk1.8.0_65.jdk/Contents/Home/jre/lib/libnet.dylib
0x000000012c65b000 	/Library/Java/JavaVirtualMachines/jdk1.8.0_65.jdk/Contents/Home/jre/lib/libawt.dylib
0x000000012c703000 	/Library/Java/JavaVirtualMachines/jdk1.8.0_65.jdk/Contents/Home/jre/lib/./libmlib_image.dylib
0x000000012c7cf000 	/Library/Java/JavaVirtualMachines/jdk1.8.0_65.jdk/Contents/Home/jre/lib/libawt_lwawt.dylib
0x000000012b7f5000 	/Library/Java/JavaVirtualMachines/jdk1.8.0_65.jdk/Contents/Home/jre/lib/./libosxapp.dylib
0x0000000003b54000 	/System/Library/Frameworks/ExceptionHandling.framework/Versions/A/ExceptionHandling

VM Arguments:
jvm_args: -agentlib:jdwp=transport=dt_socket,address=127.0.0.1:58789,suspend=y,server=n -Dfile.encoding=UTF-8 
java_command: at.htl.remotecontrol.gui.main.teacher.TeacherGui
java_class_path (initial): /Library/Java/JavaVirtualMachines/jdk1.8.0_65.jdk/Contents/Home/jre/lib/charsets.jar:/Library/Java/JavaVirtualMachines/jdk1.8.0_65.jdk/Contents/Home/jre/lib/deploy.jar:/Library/Java/JavaVirtualMachines/jdk1.8.0_65.jdk/Contents/Home/jre/lib/ext/cldrdata.jar:/Library/Java/JavaVirtualMachines/jdk1.8.0_65.jdk/Contents/Home/jre/lib/ext/dnsns.jar:/Library/Java/JavaVirtualMachines/jdk1.8.0_65.jdk/Contents/Home/jre/lib/ext/jaccess.jar:/Library/Java/JavaVirtualMachines/jdk1.8.0_65.jdk/Contents/Home/jre/lib/ext/jfxrt.jar:/Library/Java/JavaVirtualMachines/jdk1.8.0_65.jdk/Contents/Home/jre/lib/ext/localedata.jar:/Library/Java/JavaVirtualMachines/jdk1.8.0_65.jdk/Contents/Home/jre/lib/ext/nashorn.jar:/Library/Java/JavaVirtualMachines/jdk1.8.0_65.jdk/Contents/Home/jre/lib/ext/sunec.jar:/Library/Java/JavaVirtualMachines/jdk1.8.0_65.jdk/Contents/Home/jre/lib/ext/sunjce_provider.jar:/Library/Java/JavaVirtualMachines/jdk1.8.0_65.jdk/Contents/Home/jre/lib/ext/sunpkcs11.jar:/Library/Java/JavaVirtualMachines/jdk1.8.0_65.jdk/Contents/Home/jre/lib/ext/zipfs.jar:/Library/Java/JavaVirtualMachines/jdk1.8.0_65.jdk/Contents/Home/jre/lib/javaws.jar:/Library/Java/JavaVirtualMachines/jdk1.8.0_65.jdk/Contents/Home/jre/lib/jce.jar:/Library/Java/JavaVirtualMachines/jdk1.8.0_65.jdk/Contents/Home/jre/lib/jfr.jar:/Library/Java/JavaVirtualMachines/jdk1.8.0_65.jdk/Contents/Home/jre/lib/jfxswt.jar:/Library/Java/JavaVirtualMachines/jdk1.8.0_65.jdk/Contents/Home/jre/lib/jsse.jar:/Library/Java/JavaVirtualMachines/jdk1.8.0_65.jdk/Contents/Home/jre/lib/management-agent.jar:/Library/Java/JavaVirtualMachines/jdk1.8.0_65.jdk/Contents/Home/jre/lib/plugin.jar:/Library/Java/JavaVirtualMachines/jdk1.8.0_65.jdk/Contents/Home/jre/lib/resources.jar:/Library/Java/JavaVirtualMachines/jdk1.8.0_65.jdk/Contents/Home/jre/lib/rt.jar:/Library/Java/JavaVirtualMachines/jdk1.8.0_65.jdk/Contents/Home/lib/ant-javafx.jar:/Library/Java/JavaVirtualMachines/jdk1.8.0_65.jdk/Contents/Home/lib/dt.jar:/Library/Ja
Launcher Type: SUN_STANDARD

Environment Variables:
PATH=/usr/local/bin:/usr/local/subversion/bin:/usr/local/bin:/usr/bin:/bin:/usr/sbin:/sbin
SHELL=/bin/bash

Signal Handlers:
SIGSEGV: [libjvm.dylib+0x5a6d31], sa_mask[0]=11111111011111110111111111111111, sa_flags=SA_ONSTACK|SA_RESTART|SA_SIGINFO
SIGBUS: [libjvm.dylib+0x5a6d31], sa_mask[0]=11111111011111110111111111111111, sa_flags=SA_RESTART|SA_SIGINFO
SIGFPE: [libjvm.dylib+0x480a40], sa_mask[0]=11111111011111110111111111111111, sa_flags=SA_RESTART|SA_SIGINFO
SIGPIPE: [libjvm.dylib+0x480a40], sa_mask[0]=11111111011111110111111111111111, sa_flags=SA_RESTART|SA_SIGINFO
SIGXFSZ: [libjvm.dylib+0x480a40], sa_mask[0]=11111111011111110111111111111111, sa_flags=SA_RESTART|SA_SIGINFO
SIGILL: [libjvm.dylib+0x480a40], sa_mask[0]=11111111011111110111111111111111, sa_flags=SA_RESTART|SA_SIGINFO
SIGUSR1: SIG_DFL, sa_mask[0]=00000000000000000000000000000000, sa_flags=none
SIGUSR2: [libjvm.dylib+0x48055e], sa_mask[0]=00100000000000000000000000000000, sa_flags=SA_RESTART|SA_SIGINFO
SIGHUP: [libjvm.dylib+0x47eb35], sa_mask[0]=11111111011111110111111111111111, sa_flags=SA_RESTART|SA_SIGINFO
SIGINT: [libjvm.dylib+0x47eb35], sa_mask[0]=11111111011111110111111111111111, sa_flags=SA_RESTART|SA_SIGINFO
SIGTERM: [libjvm.dylib+0x47eb35], sa_mask[0]=11111111011111110111111111111111, sa_flags=SA_RESTART|SA_SIGINFO
SIGQUIT: [libjvm.dylib+0x47eb35], sa_mask[0]=11111111011111110111111111111111, sa_flags=SA_RESTART|SA_SIGINFO


---------------  S Y S T E M  ---------------

OS:Bsduname:Darwin 15.0.0 Darwin Kernel Version 15.0.0: Sat Sep 19 15:53:46 PDT 2015; root:xnu-3247.10.11~1/RELEASE_X86_64 x86_64
rlimit: STACK 8192k, CORE 0k, NPROC 709, NOFILE 10240, AS infinity
load average:7.03 4.84 3.66

CPU:total 4 (2 cores per cpu, 2 threads per core) family 6 model 69 stepping 1, cmov, cx8, fxsr, mmx, sse, sse2, sse3, ssse3, sse4.1, sse4.2, popcnt, avx, avx2, aes, clmul, erms, lzcnt, ht, tsc, tscinvbit, bmi1, bmi2

Memory: 4k page, physical 8388608k(90636k free)

/proc/meminfo:


vm_info: Java HotSpot(TM) 64-Bit Server VM (25.65-b01) for bsd-amd64 JRE (1.8.0_65-b17), built on Oct  6 2015 15:36:46 by "java_re" with gcc 4.2.1 (Based on Apple Inc. build 5658) (LLVM build 2336.11.00)

time: Thu Nov 19 13:17:32 2015
elapsed time: 367 seconds (0d 0h 6m 7s)

